<?xml version="1.0" encoding="UTF-8"?>
<testsuite xmlns:xsi="http://www.w3.org/2001/XMLSchema-instance" xsi:noNamespaceSchemaLocation="https://maven.apache.org/surefire/maven-surefire-plugin/xsd/surefire-test-report-3.0.xsd" version="3.0" name="io.reactivestax.TradeProcessorTest" time="10.648" tests="22" errors="0" skipped="0" failures="0">
  <properties>
[...]
</properties>
  <testcase name="testChunkProcessorForQueueNumberWithoutMapAndRandom" classname="io.reactivestax.TradeProcessorTest" time="0.272">
    <system-err><![CDATA[SLF4J(W): No SLF4J providers were found.
SLF4J(W): Defaulting to no-operation (NOP) logger implementation
SLF4J(W): See https://www.slf4j.org/codes.html#noProviders for further details.
]]></system-err>
  </testcase>
  <testcase name="testChunkProcessorForQueueNumberWithoutMapAndRoundRobin" classname="io.reactivestax.TradeProcessorTest" time="0.005"/>
  <testcase name="testTradeProcessorRetryTransactionDeadLetterQueue" classname="io.reactivestax.TradeProcessorTest" time="0.004"/>
  <testcase name="testFileLineCounterWithWrongFilePath" classname="io.reactivestax.TradeProcessorTest" time="0.005"/>
  <testcase name="testTradeProcessorProcessForLookupStatusWithCusipNotPresentInSecuritiesReference" classname="io.reactivestax.TradeProcessorTest" time="1.232">
    <system-err><![CDATA[Oct 04, 2024 12:00:34 P.M. io.reactivestax.TradeProcessorTest cleanUp
INFO: Cleanup done
]]></system-err>
  </testcase>
  <testcase name="testChunkProcessorForQueueSize" classname="io.reactivestax.TradeProcessorTest" time="1.098">
    <system-err><![CDATA[Oct 04, 2024 12:00:35 P.M. io.reactivestax.TradeProcessorTest cleanUp
INFO: Cleanup done
]]></system-err>
  </testcase>
  <testcase name="testTradeProcessorProcessForLookupStatusWithCusipPresentInSecuritiesReference" classname="io.reactivestax.TradeProcessorTest" time="1.107">
    <system-err><![CDATA[Oct 04, 2024 12:00:36 P.M. io.reactivestax.TradeProcessorTest cleanUp
INFO: Cleanup done
]]></system-err>
  </testcase>
  <testcase name="testSetStaticValues" classname="io.reactivestax.TradeProcessorTest" time="0.002"/>
  <testcase name="testChunkProcessorForDatabaseInsertionOfRawPayload" classname="io.reactivestax.TradeProcessorTest" time="1.148">
    <system-err><![CDATA[Oct 04, 2024 12:00:37 P.M. io.reactivestax.TradeProcessorTest cleanUp
INFO: Cleanup done
]]></system-err>
  </testcase>
  <testcase name="testFileLineCounterWithCorrectFilePath" classname="io.reactivestax.TradeProcessorTest" time="0.013"/>
  <testcase name="testGenerateChunksWithCorrectFilePath" classname="io.reactivestax.TradeProcessorTest" time="0.009">
    <system-err><![CDATA[Oct 04, 2024 12:00:37 P.M. io.reactivestax.TradeProcessorTest cleanUp
INFO: Cleanup done
]]></system-err>
  </testcase>
  <testcase name="testTradeProcessorProcessForPostedStatusWithCusipNotPresentInSecuritiesReference" classname="io.reactivestax.TradeProcessorTest" time="1.18">
    <system-err><![CDATA[Oct 04, 2024 12:00:38 P.M. io.reactivestax.TradeProcessorTest cleanUp
INFO: Cleanup done
]]></system-err>
  </testcase>
  <testcase name="testChunkProcessorForQueueNumberWithMapAndRoundRobinAndTradeIdTradeDistribution" classname="io.reactivestax.TradeProcessorTest" time="0.002"/>
  <testcase name="testTradeProcessorProcessWithCorrectTradeIdForPositionsEntryInsert" classname="io.reactivestax.TradeProcessorTest" time="1.087">
    <system-err><![CDATA[Oct 04, 2024 12:00:40 P.M. io.reactivestax.TradeProcessorTest cleanUp
INFO: Cleanup done
]]></system-err>
  </testcase>
  <testcase name="testBuildFilePath" classname="io.reactivestax.TradeProcessorTest" time="0.002"/>
  <testcase name="testTradeProcessorProcessWithCorrectTradeIdForPositionsEntryUpdate" classname="io.reactivestax.TradeProcessorTest" time="1.14">
    <system-err><![CDATA[Oct 04, 2024 12:00:41 P.M. io.reactivestax.TradeProcessorTest cleanUp
INFO: Cleanup done
]]></system-err>
  </testcase>
  <testcase name="testTradeProcessorRetryTransactionRetryCountMap" classname="io.reactivestax.TradeProcessorTest" time="0.001"/>
  <testcase name="testQueueDistributorGiveToQueue" classname="io.reactivestax.TradeProcessorTest" time="0.001"/>
  <testcase name="testTradeProcessorProcessForPostedStatusWithCusipPresentInSecuritiesReference" classname="io.reactivestax.TradeProcessorTest" time="1.145">
    <system-err><![CDATA[Oct 04, 2024 12:00:42 P.M. io.reactivestax.TradeProcessorTest cleanUp
INFO: Cleanup done
]]></system-err>
  </testcase>
  <testcase name="testGenerateChunksWithIncorrectFilePath" classname="io.reactivestax.TradeProcessorTest" time="0.005">
    <system-err><![CDATA[Oct 04, 2024 12:00:42 P.M. io.reactivestax.TradeProcessorTest cleanUp
INFO: Cleanup done
]]></system-err>
  </testcase>
  <testcase name="testChunkProcessorForQueueNumberWithMapAndRandomAndAccountNumberTradeDistribution" classname="io.reactivestax.TradeProcessorTest" time="0.002"/>
  <testcase name="testTradeProcessorProcessWithCorrectTradeIdForJournalEntry" classname="io.reactivestax.TradeProcessorTest" time="1.16">
    <system-err><![CDATA[Oct 04, 2024 12:00:43 P.M. io.reactivestax.TradeProcessorTest cleanUp
INFO: Cleanup done
]]></system-err>
  </testcase>
</testsuite>